[debug] [2024-07-08T18:23:15.384Z] ----------------------------------------------------------------------
[debug] [2024-07-08T18:23:15.386Z] Command:       /opt/homebrew/Cellar/node/22.1.0/bin/node /opt/homebrew/bin/firebase emulators:start
[debug] [2024-07-08T18:23:15.386Z] CLI Version:   13.13.0
[debug] [2024-07-08T18:23:15.386Z] Platform:      darwin
[debug] [2024-07-08T18:23:15.386Z] Node Version:  v22.1.0
[debug] [2024-07-08T18:23:15.386Z] Time:          Mon Jul 08 2024 20:23:15 GMT+0200 (South Africa Standard Time)
[debug] [2024-07-08T18:23:15.386Z] ----------------------------------------------------------------------
[debug] 
[debug] [2024-07-08T18:23:15.434Z] > command requires scopes: ["email","openid","https://www.googleapis.com/auth/cloudplatformprojects.readonly","https://www.googleapis.com/auth/firebase","https://www.googleapis.com/auth/cloud-platform"]
[debug] [2024-07-08T18:23:15.435Z] > authorizing via signed-in user (motsuenyanetshegofatso@gmail.com)
[info] i  emulators: Starting emulators: functions {"metadata":{"emulator":{"name":"hub"},"message":"Starting emulators: functions"}}
[debug] [2024-07-08T18:23:15.561Z] [logging] Logging Emulator only supports listening on one address (127.0.0.1). Not listening on ::1
[debug] [2024-07-08T18:23:15.561Z] assigned listening specs for emulators {"user":{"hub":[{"address":"127.0.0.1","family":"IPv4","port":4400},{"address":"::1","family":"IPv6","port":4400}],"ui":[{"address":"127.0.0.1","family":"IPv4","port":4000},{"address":"::1","family":"IPv6","port":4000}],"logging":[{"address":"127.0.0.1","family":"IPv4","port":4500}]},"metadata":{"message":"assigned listening specs for emulators"}}
[debug] [2024-07-08T18:23:15.564Z] [hub] writing locator at /var/folders/5x/13zfx7ds62ncyx8f_c_90q200000gn/T/hub-zaio--clone-66bbe.json
[debug] [2024-07-08T18:23:15.646Z] [functions] Functions Emulator only supports listening on one address (127.0.0.1). Not listening on ::1
[debug] [2024-07-08T18:23:15.646Z] [eventarc] Eventarc Emulator only supports listening on one address (127.0.0.1). Not listening on ::1
[debug] [2024-07-08T18:23:15.646Z] late-assigned ports for functions and eventarc emulators {"user":{"hub":[{"address":"127.0.0.1","family":"IPv4","port":4400},{"address":"::1","family":"IPv6","port":4400}],"ui":[{"address":"127.0.0.1","family":"IPv4","port":4000},{"address":"::1","family":"IPv6","port":4000}],"logging":[{"address":"127.0.0.1","family":"IPv4","port":4500}],"functions":[{"address":"127.0.0.1","family":"IPv4","port":5001}],"eventarc":[{"address":"127.0.0.1","family":"IPv4","port":9299}]},"metadata":{"message":"late-assigned ports for functions and eventarc emulators"}}
[warn] ⚠  functions: The following emulators are not running, calls to these services from the Functions emulator will affect production: auth, firestore, database, hosting, pubsub, storage, dataconnect {"metadata":{"emulator":{"name":"functions"},"message":"The following emulators are not running, calls to these services from the Functions emulator will affect production: \u001b[1mauth, firestore, database, hosting, pubsub, storage, dataconnect\u001b[22m"}}
[debug] [2024-07-08T18:23:15.648Z] defaultcredentials: writing to file /Users/tshegofatsomotsuenyane/.config/firebase/motsuenyanetshegofatso_gmail_com_application_default_credentials.json
[debug] [2024-07-08T18:23:15.650Z] Setting GAC to /Users/tshegofatsomotsuenyane/.config/firebase/motsuenyanetshegofatso_gmail_com_application_default_credentials.json {"metadata":{"emulator":{"name":"functions"},"message":"Setting GAC to /Users/tshegofatsomotsuenyane/.config/firebase/motsuenyanetshegofatso_gmail_com_application_default_credentials.json"}}
[debug] [2024-07-08T18:23:15.651Z] >>> [apiv2][query] GET https://firebase.googleapis.com/v1beta1/projects/zaio--clone-66bbe/adminSdkConfig [none]
[debug] [2024-07-08T18:23:16.225Z] <<< [apiv2][status] GET https://firebase.googleapis.com/v1beta1/projects/zaio--clone-66bbe/adminSdkConfig 200
[debug] [2024-07-08T18:23:16.225Z] <<< [apiv2][body] GET https://firebase.googleapis.com/v1beta1/projects/zaio--clone-66bbe/adminSdkConfig {"projectId":"zaio--clone-66bbe","storageBucket":"zaio--clone-66bbe.appspot.com"}
[debug] [2024-07-08T18:23:16.246Z] Ignoring unsupported arg: auto_download {"metadata":{"emulator":{"name":"ui"},"message":"Ignoring unsupported arg: auto_download"}}
[debug] [2024-07-08T18:23:16.246Z] Ignoring unsupported arg: port {"metadata":{"emulator":{"name":"ui"},"message":"Ignoring unsupported arg: port"}}
[debug] [2024-07-08T18:23:16.246Z] Starting Emulator UI with command {"binary":"node","args":["/Users/tshegofatsomotsuenyane/.cache/firebase/emulators/ui-v1.12.1/server/server.mjs"],"optionalArgs":[],"joinArgs":false,"shell":false} {"metadata":{"emulator":{"name":"ui"},"message":"Starting Emulator UI with command {\"binary\":\"node\",\"args\":[\"/Users/tshegofatsomotsuenyane/.cache/firebase/emulators/ui-v1.12.1/server/server.mjs\"],\"optionalArgs\":[],\"joinArgs\":false,\"shell\":false}"}}
[info] i  ui: Emulator UI logging to ui-debug.log {"metadata":{"emulator":{"name":"ui"},"message":"Emulator UI logging to \u001b[1mui-debug.log\u001b[22m"}}
[debug] [2024-07-08T18:23:16.358Z] Web / API server started at 127.0.0.1:4000
 {"metadata":{"emulator":{"name":"ui"},"message":"Web / API server started at 127.0.0.1:4000\n"}}
[debug] [2024-07-08T18:23:16.359Z] Web / API server started at ::1:4000
 {"metadata":{"emulator":{"name":"ui"},"message":"Web / API server started at ::1:4000\n"}}
[info] i  functions: Watching "/Users/tshegofatsomotsuenyane/Desktop/zaio_projects/amazon-landing-page-clone/functions" for Cloud Functions... {"metadata":{"emulator":{"name":"functions"},"message":"Watching \"/Users/tshegofatsomotsuenyane/Desktop/zaio_projects/amazon-landing-page-clone/functions\" for Cloud Functions..."}}
[debug] [2024-07-08T18:23:16.459Z] Validating nodejs source
[debug] [2024-07-08T18:23:16.928Z] > [functions] package.json contents: {
  "name": "functions",
  "description": "Cloud Functions for Firebase",
  "scripts": {
    "lint": "eslint .",
    "serve": "firebase emulators:start --only functions",
    "shell": "firebase functions:shell",
    "start": "npm run shell",
    "deploy": "firebase deploy --only functions",
    "logs": "firebase functions:log"
  },
  "engines": {
    "node": "18"
  },
  "main": "index.js",
  "dependencies": {
    "cors": "^2.8.5",
    "express": "^4.19.2",
    "firebase-admin": "^12.1.0",
    "firebase-functions": "^5.0.0",
    "stripe": "^16.1.0"
  },
  "devDependencies": {
    "eslint": "^8.15.0",
    "eslint-config-google": "^0.14.0",
    "firebase-functions-test": "^3.1.0"
  },
  "private": true
}
[debug] [2024-07-08T18:23:16.928Z] Building nodejs source
[debug] [2024-07-08T18:23:16.929Z] Failed to find version of module node: reached end of search path /Users/tshegofatsomotsuenyane/Desktop/zaio_projects/amazon-landing-page-clone/functions/node_modules
[warn] ⚠  functions: Your requested "node" version "18" doesn't match your global version "22". Using node@22 from host. 
[debug] [2024-07-08T18:23:16.930Z] Could not find functions.yaml. Must use http discovery
[debug] [2024-07-08T18:23:16.933Z] Found firebase-functions binary at '/Users/tshegofatsomotsuenyane/Desktop/zaio_projects/amazon-landing-page-clone/functions/node_modules/.bin/firebase-functions'
[info] Serving at port 8690

[debug] [2024-07-08T18:23:17.257Z] Got response from /__/functions.yaml {"endpoints":{"api":{"platform":"gcfv1","availableMemoryMb":null,"timeoutSeconds":null,"minInstances":null,"maxInstances":null,"ingressSettings":null,"serviceAccountEmail":null,"vpc":null,"httpsTrigger":{},"entryPoint":"api"}},"specVersion":"v1alpha1","requiredAPIs":[]}
[info] ✔  functions: Loaded functions definitions from source: api. {"metadata":{"emulator":{"name":"functions"},"message":"Loaded functions definitions from source: api."}}
[info] ✔  functions[us-central1-api]: http function initialized (http://127.0.0.1:5001/zaio--clone-66bbe/us-central1/api). {"metadata":{"emulator":{"name":"functions"},"message":"\u001b[1mhttp\u001b[22m function initialized (http://127.0.0.1:5001/zaio--clone-66bbe/us-central1/api)."}}
[info] 
┌─────────────────────────────────────────────────────────────┐
│ ✔  All emulators ready! It is now safe to connect your app. │
│ i  View Emulator UI at http://127.0.0.1:4000/               │
└─────────────────────────────────────────────────────────────┘

┌───────────┬────────────────┬─────────────────────────────────┐
│ Emulator  │ Host:Port      │ View in Emulator UI             │
├───────────┼────────────────┼─────────────────────────────────┤
│ Functions │ 127.0.0.1:5001 │ http://127.0.0.1:4000/functions │
└───────────┴────────────────┴─────────────────────────────────┘
  Emulator Hub running at 127.0.0.1:4400
  Other reserved ports: 4500

Issues? Report them at https://github.com/firebase/firebase-tools/issues and attach the *-debug.log files.
 
[debug] [2024-07-08T18:23:28.838Z] [work-queue] {"queuedWork":["/zaio--clone-66bbe/us-central1/api/payments/create-2024-07-08T18:23:28.837Z"],"queueLength":1,"runningWork":[],"workRunningCount":0}
[debug] [2024-07-08T18:23:28.839Z] [work-queue] {"queuedWork":[],"queueLength":0,"runningWork":["/zaio--clone-66bbe/us-central1/api/payments/create-2024-07-08T18:23:28.837Z"],"workRunningCount":1}
[debug] [2024-07-08T18:23:28.839Z] Accepted request OPTIONS /zaio--clone-66bbe/us-central1/api/payments/create?total=5000 --> us-central1-api
[debug] [2024-07-08T18:23:28.842Z] [functions] Runtime ready! Sending request! {"metadata":{"emulator":{"name":"functions"},"message":"[functions] Runtime ready! Sending request!"}}
[debug] [2024-07-08T18:23:28.843Z] [functions] Got req.url=/zaio--clone-66bbe/us-central1/api/payments/create?total=5000, mapping to path=/payments/create?total=5000 {"metadata":{"emulator":{"name":"functions"},"message":"[functions] Got req.url=/zaio--clone-66bbe/us-central1/api/payments/create?total=5000, mapping to path=/payments/create?total=5000"}}
[debug] [2024-07-08T18:23:28.847Z] [worker-pool] addWorker(us-central1-api) {"metadata":{"emulator":{"name":"functions"},"message":"[worker-pool] addWorker(us-central1-api)"}}
[debug] [2024-07-08T18:23:28.848Z] [worker-pool] Adding worker with key us-central1-api, total=1 {"metadata":{"emulator":{"name":"functions"},"message":"[worker-pool] Adding worker with key us-central1-api, total=1"}}
[info] >  (node:73375) [DEP0040] DeprecationWarning: The `punycode` module is deprecated. Please use a userland alternative instead. {"user":"(node:73375) [DEP0040] DeprecationWarning: The `punycode` module is deprecated. Please use a userland alternative instead.","metadata":{"emulator":{"name":"functions"},"function":{"name":"us-central1-api"},"extension":{},"message":"\u001b[90m> \u001b[39m (node:73375) [DEP0040] DeprecationWarning: The `punycode` module is deprecated. Please use a userland alternative instead."}}
[info] >  (Use `node --trace-deprecation ...` to show where the warning was created) {"user":"(Use `node --trace-deprecation ...` to show where the warning was created)","metadata":{"emulator":{"name":"functions"},"function":{"name":"us-central1-api"},"extension":{},"message":"\u001b[90m> \u001b[39m (Use `node --trace-deprecation ...` to show where the warning was created)"}}
[debug] [2024-07-08T18:23:29.897Z] [runtime-status] [73375] Resolved module firebase-admin {"declared":true,"installed":true,"version":"12.2.0","resolution":"/Users/tshegofatsomotsuenyane/Desktop/zaio_projects/amazon-landing-page-clone/functions/node_modules/firebase-admin/lib/index.js"} {"metadata":{"emulator":{"name":"functions"},"function":{"name":"us-central1-api"},"extension":{},"message":"[runtime-status] [73375] Resolved module firebase-admin {\"declared\":true,\"installed\":true,\"version\":\"12.2.0\",\"resolution\":\"/Users/tshegofatsomotsuenyane/Desktop/zaio_projects/amazon-landing-page-clone/functions/node_modules/firebase-admin/lib/index.js\"}"}}
[debug] [2024-07-08T18:23:29.898Z] [runtime-status] [73375] Resolved module firebase-functions {"declared":true,"installed":true,"version":"5.0.1","resolution":"/Users/tshegofatsomotsuenyane/Desktop/zaio_projects/amazon-landing-page-clone/functions/node_modules/firebase-functions/lib/v1/index.js"} {"metadata":{"emulator":{"name":"functions"},"function":{"name":"us-central1-api"},"extension":{},"message":"[runtime-status] [73375] Resolved module firebase-functions {\"declared\":true,\"installed\":true,\"version\":\"5.0.1\",\"resolution\":\"/Users/tshegofatsomotsuenyane/Desktop/zaio_projects/amazon-landing-page-clone/functions/node_modules/firebase-functions/lib/v1/index.js\"}"}}
[debug] [2024-07-08T18:23:29.898Z] [runtime-status] [73375] Outgoing network have been stubbed. [{"name":"http","status":"mocked"},{"name":"http","status":"mocked"},{"name":"https","status":"mocked"},{"name":"https","status":"mocked"},{"name":"net","status":"mocked"}] {"metadata":{"emulator":{"name":"functions"},"function":{"name":"us-central1-api"},"extension":{},"message":"[runtime-status] [73375] Outgoing network have been stubbed. [{\"name\":\"http\",\"status\":\"mocked\"},{\"name\":\"http\",\"status\":\"mocked\"},{\"name\":\"https\",\"status\":\"mocked\"},{\"name\":\"https\",\"status\":\"mocked\"},{\"name\":\"net\",\"status\":\"mocked\"}]"}}
[debug] [2024-07-08T18:23:29.898Z] [runtime-status] [73375] Resolved module firebase-functions {"declared":true,"installed":true,"version":"5.0.1","resolution":"/Users/tshegofatsomotsuenyane/Desktop/zaio_projects/amazon-landing-page-clone/functions/node_modules/firebase-functions/lib/v1/index.js"} {"metadata":{"emulator":{"name":"functions"},"function":{"name":"us-central1-api"},"extension":{},"message":"[runtime-status] [73375] Resolved module firebase-functions {\"declared\":true,\"installed\":true,\"version\":\"5.0.1\",\"resolution\":\"/Users/tshegofatsomotsuenyane/Desktop/zaio_projects/amazon-landing-page-clone/functions/node_modules/firebase-functions/lib/v1/index.js\"}"}}
[debug] [2024-07-08T18:23:30.048Z] [runtime-status] [73375] Checked functions.config() {"config":{}} {"metadata":{"emulator":{"name":"functions"},"function":{"name":"us-central1-api"},"extension":{},"message":"[runtime-status] [73375] Checked functions.config() {\"config\":{}}"}}
[debug] [2024-07-08T18:23:30.049Z] [runtime-status] [73375] firebase-functions has been stubbed. {"functionsResolution":{"declared":true,"installed":true,"version":"5.0.1","resolution":"/Users/tshegofatsomotsuenyane/Desktop/zaio_projects/amazon-landing-page-clone/functions/node_modules/firebase-functions/lib/v1/index.js"}} {"metadata":{"emulator":{"name":"functions"},"function":{"name":"us-central1-api"},"extension":{},"message":"[runtime-status] [73375] firebase-functions has been stubbed. {\"functionsResolution\":{\"declared\":true,\"installed\":true,\"version\":\"5.0.1\",\"resolution\":\"/Users/tshegofatsomotsuenyane/Desktop/zaio_projects/amazon-landing-page-clone/functions/node_modules/firebase-functions/lib/v1/index.js\"}}"}}
[debug] [2024-07-08T18:23:30.049Z] [runtime-status] [73375] Resolved module firebase-functions {"declared":true,"installed":true,"version":"5.0.1","resolution":"/Users/tshegofatsomotsuenyane/Desktop/zaio_projects/amazon-landing-page-clone/functions/node_modules/firebase-functions/lib/v1/index.js"} {"metadata":{"emulator":{"name":"functions"},"function":{"name":"us-central1-api"},"extension":{},"message":"[runtime-status] [73375] Resolved module firebase-functions {\"declared\":true,\"installed\":true,\"version\":\"5.0.1\",\"resolution\":\"/Users/tshegofatsomotsuenyane/Desktop/zaio_projects/amazon-landing-page-clone/functions/node_modules/firebase-functions/lib/v1/index.js\"}"}}
[debug] [2024-07-08T18:23:30.049Z] [runtime-status] [73375] Resolved module firebase-admin {"declared":true,"installed":true,"version":"12.2.0","resolution":"/Users/tshegofatsomotsuenyane/Desktop/zaio_projects/amazon-landing-page-clone/functions/node_modules/firebase-admin/lib/index.js"} {"metadata":{"emulator":{"name":"functions"},"function":{"name":"us-central1-api"},"extension":{},"message":"[runtime-status] [73375] Resolved module firebase-admin {\"declared\":true,\"installed\":true,\"version\":\"12.2.0\",\"resolution\":\"/Users/tshegofatsomotsuenyane/Desktop/zaio_projects/amazon-landing-page-clone/functions/node_modules/firebase-admin/lib/index.js\"}"}}
[debug] [2024-07-08T18:23:30.051Z] [runtime-status] [73375] Resolved module firebase-functions {"declared":true,"installed":true,"version":"5.0.1","resolution":"/Users/tshegofatsomotsuenyane/Desktop/zaio_projects/amazon-landing-page-clone/functions/node_modules/firebase-functions/lib/v1/index.js"} {"metadata":{"emulator":{"name":"functions"},"function":{"name":"us-central1-api"},"extension":{},"message":"[runtime-status] [73375] Resolved module firebase-functions {\"declared\":true,\"installed\":true,\"version\":\"5.0.1\",\"resolution\":\"/Users/tshegofatsomotsuenyane/Desktop/zaio_projects/amazon-landing-page-clone/functions/node_modules/firebase-functions/lib/v1/index.js\"}"}}
[debug] [2024-07-08T18:23:30.051Z] [runtime-status] [73375] firebase-admin has been stubbed. {"adminResolution":{"declared":true,"installed":true,"version":"12.2.0","resolution":"/Users/tshegofatsomotsuenyane/Desktop/zaio_projects/amazon-landing-page-clone/functions/node_modules/firebase-admin/lib/index.js"}} {"metadata":{"emulator":{"name":"functions"},"function":{"name":"us-central1-api"},"extension":{},"message":"[runtime-status] [73375] firebase-admin has been stubbed. {\"adminResolution\":{\"declared\":true,\"installed\":true,\"version\":\"12.2.0\",\"resolution\":\"/Users/tshegofatsomotsuenyane/Desktop/zaio_projects/amazon-landing-page-clone/functions/node_modules/firebase-admin/lib/index.js\"}}"}}
[debug] [2024-07-08T18:23:30.135Z] [runtime-status] [73375] Functions runtime initialized. {"cwd":"/Users/tshegofatsomotsuenyane/Desktop/zaio_projects/amazon-landing-page-clone/functions","node_version":"22.1.0"} {"metadata":{"emulator":{"name":"functions"},"function":{"name":"us-central1-api"},"extension":{},"message":"[runtime-status] [73375] Functions runtime initialized. {\"cwd\":\"/Users/tshegofatsomotsuenyane/Desktop/zaio_projects/amazon-landing-page-clone/functions\",\"node_version\":\"22.1.0\"}"}}
[debug] [2024-07-08T18:23:30.135Z] [runtime-status] [73375] Listening to port: /var/folders/5x/13zfx7ds62ncyx8f_c_90q200000gn/T/fire_emu_aa139f2d05d47d05.sock {"metadata":{"emulator":{"name":"functions"},"function":{"name":"us-central1-api"},"extension":{},"message":"[runtime-status] [73375] Listening to port: /var/folders/5x/13zfx7ds62ncyx8f_c_90q200000gn/T/fire_emu_aa139f2d05d47d05.sock"}}
[debug] [2024-07-08T18:23:30.190Z] [worker-us-central1-api-d4b157c9-1b7c-48e4-bde4-5db79b94d553]: IDLE {"metadata":{"emulator":{"name":"functions"},"function":{"name":"us-central1-api"},"extension":{},"message":"[worker-us-central1-api-d4b157c9-1b7c-48e4-bde4-5db79b94d553]: IDLE"}}
[debug] [2024-07-08T18:23:30.190Z] [worker-pool] submitRequest(triggerId=us-central1-api) {"metadata":{"emulator":{"name":"functions"},"message":"[worker-pool] submitRequest(triggerId=us-central1-api)"}}
[info] i  functions: Beginning execution of "us-central1-api" {"metadata":{"emulator":{"name":"functions"},"function":{"name":"us-central1-api"},"extension":{},"message":"Beginning execution of \"us-central1-api\""}}
[debug] [2024-07-08T18:23:30.190Z] [worker-us-central1-api-d4b157c9-1b7c-48e4-bde4-5db79b94d553]: BUSY {"metadata":{"emulator":{"name":"functions"},"function":{"name":"us-central1-api"},"extension":{},"message":"[worker-us-central1-api-d4b157c9-1b7c-48e4-bde4-5db79b94d553]: BUSY"}}
[debug] [2024-07-08T18:23:30.196Z] Finishing up request with event=pause {"metadata":{"emulator":{"name":"functions"},"function":{"name":"us-central1-api"},"extension":{},"message":"Finishing up request with event=pause"}}
[info] i  functions: Finished "us-central1-api" in 5.903375ms {"metadata":{"emulator":{"name":"functions"},"function":{"name":"us-central1-api"},"extension":{},"message":"Finished \"us-central1-api\" in 5.903375ms"}}
[debug] [2024-07-08T18:23:30.196Z] [worker-us-central1-api-d4b157c9-1b7c-48e4-bde4-5db79b94d553]: IDLE {"metadata":{"emulator":{"name":"functions"},"function":{"name":"us-central1-api"},"extension":{},"message":"[worker-us-central1-api-d4b157c9-1b7c-48e4-bde4-5db79b94d553]: IDLE"}}
[debug] [2024-07-08T18:23:30.196Z] Finishing up request with event=finish {"metadata":{"emulator":{"name":"functions"},"function":{"name":"us-central1-api"},"extension":{},"message":"Finishing up request with event=finish"}}
[debug] [2024-07-08T18:23:30.196Z] Finishing up request with event=close {"metadata":{"emulator":{"name":"functions"},"function":{"name":"us-central1-api"},"extension":{},"message":"Finishing up request with event=close"}}
[debug] [2024-07-08T18:23:30.197Z] [work-queue] {"queuedWork":[],"queueLength":0,"runningWork":[],"workRunningCount":0}
[debug] [2024-07-08T18:23:30.197Z] [work-queue] {"queuedWork":["/zaio--clone-66bbe/us-central1/api/payments/create-2024-07-08T18:23:30.197Z"],"queueLength":1,"runningWork":[],"workRunningCount":0}
[debug] [2024-07-08T18:23:30.197Z] [work-queue] {"queuedWork":[],"queueLength":0,"runningWork":["/zaio--clone-66bbe/us-central1/api/payments/create-2024-07-08T18:23:30.197Z"],"workRunningCount":1}
[debug] [2024-07-08T18:23:30.197Z] Accepted request POST /zaio--clone-66bbe/us-central1/api/payments/create?total=5000 --> us-central1-api
[debug] [2024-07-08T18:23:30.198Z] [functions] Runtime ready! Sending request! {"metadata":{"emulator":{"name":"functions"},"message":"[functions] Runtime ready! Sending request!"}}
[debug] [2024-07-08T18:23:30.198Z] [functions] Got req.url=/zaio--clone-66bbe/us-central1/api/payments/create?total=5000, mapping to path=/payments/create?total=5000 {"metadata":{"emulator":{"name":"functions"},"message":"[functions] Got req.url=/zaio--clone-66bbe/us-central1/api/payments/create?total=5000, mapping to path=/payments/create?total=5000"}}
[debug] [2024-07-08T18:23:30.198Z] [worker-pool] submitRequest(triggerId=us-central1-api) {"metadata":{"emulator":{"name":"functions"},"message":"[worker-pool] submitRequest(triggerId=us-central1-api)"}}
[info] i  functions: Beginning execution of "us-central1-api" {"metadata":{"emulator":{"name":"functions"},"function":{"name":"us-central1-api"},"extension":{},"message":"Beginning execution of \"us-central1-api\""}}
[debug] [2024-07-08T18:23:30.198Z] [worker-us-central1-api-d4b157c9-1b7c-48e4-bde4-5db79b94d553]: BUSY {"metadata":{"emulator":{"name":"functions"},"function":{"name":"us-central1-api"},"extension":{},"message":"[worker-us-central1-api-d4b157c9-1b7c-48e4-bde4-5db79b94d553]: BUSY"}}
[debug] [2024-07-08T18:23:30.211Z] Finishing up request with event=pause {"metadata":{"emulator":{"name":"functions"},"function":{"name":"us-central1-api"},"extension":{},"message":"Finishing up request with event=pause"}}
[info] i  functions: Finished "us-central1-api" in 13.690375ms {"metadata":{"emulator":{"name":"functions"},"function":{"name":"us-central1-api"},"extension":{},"message":"Finished \"us-central1-api\" in 13.690375ms"}}
[debug] [2024-07-08T18:23:30.212Z] [worker-us-central1-api-d4b157c9-1b7c-48e4-bde4-5db79b94d553]: IDLE {"metadata":{"emulator":{"name":"functions"},"function":{"name":"us-central1-api"},"extension":{},"message":"[worker-us-central1-api-d4b157c9-1b7c-48e4-bde4-5db79b94d553]: IDLE"}}
[debug] [2024-07-08T18:23:30.212Z] Finishing up request with event=finish {"metadata":{"emulator":{"name":"functions"},"function":{"name":"us-central1-api"},"extension":{},"message":"Finishing up request with event=finish"}}
[debug] [2024-07-08T18:23:30.212Z] Finishing up request with event=close {"metadata":{"emulator":{"name":"functions"},"function":{"name":"us-central1-api"},"extension":{},"message":"Finishing up request with event=close"}}
[debug] [2024-07-08T18:23:30.212Z] [work-queue] {"queuedWork":[],"queueLength":0,"runningWork":[],"workRunningCount":0}
[info] >  SyntaxError: Unexpected token 'n', "null" is not valid JSON {"user":"SyntaxError: Unexpected token 'n', \"null\" is not valid JSON","metadata":{"emulator":{"name":"functions"},"function":{"name":"us-central1-api"},"extension":{},"message":"\u001b[90m> \u001b[39m SyntaxError: Unexpected token 'n', \"null\" is not valid JSON"}}
[info] >      at JSON.parse (<anonymous>) {"user":"    at JSON.parse (<anonymous>)","metadata":{"emulator":{"name":"functions"},"function":{"name":"us-central1-api"},"extension":{},"message":"\u001b[90m> \u001b[39m     at JSON.parse (<anonymous>)"}}
[info] >      at createStrictSyntaxError (/opt/homebrew/lib/node_modules/firebase-tools/node_modules/body-parser/lib/types/json.js:169:10) {"user":"    at createStrictSyntaxError (/opt/homebrew/lib/node_modules/firebase-tools/node_modules/body-parser/lib/types/json.js:169:10)","metadata":{"emulator":{"name":"functions"},"function":{"name":"us-central1-api"},"extension":{},"message":"\u001b[90m> \u001b[39m     at createStrictSyntaxError (/opt/homebrew/lib/node_modules/firebase-tools/node_modules/body-parser/lib/types/json.js:169:10)"}}
[info] >      at parse (/opt/homebrew/lib/node_modules/firebase-tools/node_modules/body-parser/lib/types/json.js:86:15) {"user":"    at parse (/opt/homebrew/lib/node_modules/firebase-tools/node_modules/body-parser/lib/types/json.js:86:15)","metadata":{"emulator":{"name":"functions"},"function":{"name":"us-central1-api"},"extension":{},"message":"\u001b[90m> \u001b[39m     at parse (/opt/homebrew/lib/node_modules/firebase-tools/node_modules/body-parser/lib/types/json.js:86:15)"}}
[info] >      at /opt/homebrew/lib/node_modules/firebase-tools/node_modules/body-parser/lib/read.js:128:18 {"user":"    at /opt/homebrew/lib/node_modules/firebase-tools/node_modules/body-parser/lib/read.js:128:18","metadata":{"emulator":{"name":"functions"},"function":{"name":"us-central1-api"},"extension":{},"message":"\u001b[90m> \u001b[39m     at /opt/homebrew/lib/node_modules/firebase-tools/node_modules/body-parser/lib/read.js:128:18"}}
[info] >      at AsyncResource.runInAsyncScope (node:async_hooks:206:9) {"user":"    at AsyncResource.runInAsyncScope (node:async_hooks:206:9)","metadata":{"emulator":{"name":"functions"},"function":{"name":"us-central1-api"},"extension":{},"message":"\u001b[90m> \u001b[39m     at AsyncResource.runInAsyncScope (node:async_hooks:206:9)"}}
[info] >      at invokeCallback (/opt/homebrew/lib/node_modules/firebase-tools/node_modules/raw-body/index.js:238:16) {"user":"    at invokeCallback (/opt/homebrew/lib/node_modules/firebase-tools/node_modules/raw-body/index.js:238:16)","metadata":{"emulator":{"name":"functions"},"function":{"name":"us-central1-api"},"extension":{},"message":"\u001b[90m> \u001b[39m     at invokeCallback (/opt/homebrew/lib/node_modules/firebase-tools/node_modules/raw-body/index.js:238:16)"}}
[info] >      at done (/opt/homebrew/lib/node_modules/firebase-tools/node_modules/raw-body/index.js:227:7) {"user":"    at done (/opt/homebrew/lib/node_modules/firebase-tools/node_modules/raw-body/index.js:227:7)","metadata":{"emulator":{"name":"functions"},"function":{"name":"us-central1-api"},"extension":{},"message":"\u001b[90m> \u001b[39m     at done (/opt/homebrew/lib/node_modules/firebase-tools/node_modules/raw-body/index.js:227:7)"}}
[info] >      at IncomingMessage.onEnd (/opt/homebrew/lib/node_modules/firebase-tools/node_modules/raw-body/index.js:287:7) {"user":"    at IncomingMessage.onEnd (/opt/homebrew/lib/node_modules/firebase-tools/node_modules/raw-body/index.js:287:7)","metadata":{"emulator":{"name":"functions"},"function":{"name":"us-central1-api"},"extension":{},"message":"\u001b[90m> \u001b[39m     at IncomingMessage.onEnd (/opt/homebrew/lib/node_modules/firebase-tools/node_modules/raw-body/index.js:287:7)"}}
[info] >      at IncomingMessage.emit (node:events:520:28) {"user":"    at IncomingMessage.emit (node:events:520:28)","metadata":{"emulator":{"name":"functions"},"function":{"name":"us-central1-api"},"extension":{},"message":"\u001b[90m> \u001b[39m     at IncomingMessage.emit (node:events:520:28)"}}
[info] >      at endReadableNT (node:internal/streams/readable:1696:12) {"user":"    at endReadableNT (node:internal/streams/readable:1696:12)","metadata":{"emulator":{"name":"functions"},"function":{"name":"us-central1-api"},"extension":{},"message":"\u001b[90m> \u001b[39m     at endReadableNT (node:internal/streams/readable:1696:12)"}}
[debug] [2024-07-08T18:24:06.629Z] [work-queue] {"queuedWork":["/zaio--clone-66bbe/us-central1/api/payments/create-2024-07-08T18:24:06.629Z"],"queueLength":1,"runningWork":[],"workRunningCount":0}
[debug] [2024-07-08T18:24:06.633Z] [work-queue] {"queuedWork":[],"queueLength":0,"runningWork":["/zaio--clone-66bbe/us-central1/api/payments/create-2024-07-08T18:24:06.629Z"],"workRunningCount":1}
[debug] [2024-07-08T18:24:06.633Z] Accepted request OPTIONS /zaio--clone-66bbe/us-central1/api/payments/create --> us-central1-api
[debug] [2024-07-08T18:24:06.638Z] [functions] Runtime ready! Sending request! {"metadata":{"emulator":{"name":"functions"},"message":"[functions] Runtime ready! Sending request!"}}
[debug] [2024-07-08T18:24:06.639Z] [functions] Got req.url=/zaio--clone-66bbe/us-central1/api/payments/create, mapping to path=/payments/create {"metadata":{"emulator":{"name":"functions"},"message":"[functions] Got req.url=/zaio--clone-66bbe/us-central1/api/payments/create, mapping to path=/payments/create"}}
[debug] [2024-07-08T18:24:06.639Z] [worker-pool] submitRequest(triggerId=us-central1-api) {"metadata":{"emulator":{"name":"functions"},"message":"[worker-pool] submitRequest(triggerId=us-central1-api)"}}
[info] i  functions: Beginning execution of "us-central1-api" {"metadata":{"emulator":{"name":"functions"},"function":{"name":"us-central1-api"},"extension":{},"message":"Beginning execution of \"us-central1-api\""}}
[debug] [2024-07-08T18:24:06.640Z] [worker-us-central1-api-d4b157c9-1b7c-48e4-bde4-5db79b94d553]: BUSY {"metadata":{"emulator":{"name":"functions"},"function":{"name":"us-central1-api"},"extension":{},"message":"[worker-us-central1-api-d4b157c9-1b7c-48e4-bde4-5db79b94d553]: BUSY"}}
[debug] [2024-07-08T18:24:06.644Z] Finishing up request with event=pause {"metadata":{"emulator":{"name":"functions"},"function":{"name":"us-central1-api"},"extension":{},"message":"Finishing up request with event=pause"}}
[info] i  functions: Finished "us-central1-api" in 4.111208ms {"metadata":{"emulator":{"name":"functions"},"function":{"name":"us-central1-api"},"extension":{},"message":"Finished \"us-central1-api\" in 4.111208ms"}}
[debug] [2024-07-08T18:24:06.644Z] [worker-us-central1-api-d4b157c9-1b7c-48e4-bde4-5db79b94d553]: IDLE {"metadata":{"emulator":{"name":"functions"},"function":{"name":"us-central1-api"},"extension":{},"message":"[worker-us-central1-api-d4b157c9-1b7c-48e4-bde4-5db79b94d553]: IDLE"}}
[debug] [2024-07-08T18:24:06.644Z] Finishing up request with event=finish {"metadata":{"emulator":{"name":"functions"},"function":{"name":"us-central1-api"},"extension":{},"message":"Finishing up request with event=finish"}}
[debug] [2024-07-08T18:24:06.644Z] Finishing up request with event=close {"metadata":{"emulator":{"name":"functions"},"function":{"name":"us-central1-api"},"extension":{},"message":"Finishing up request with event=close"}}
[debug] [2024-07-08T18:24:06.644Z] [work-queue] {"queuedWork":[],"queueLength":0,"runningWork":[],"workRunningCount":0}
[debug] [2024-07-08T18:24:06.645Z] [work-queue] {"queuedWork":["/zaio--clone-66bbe/us-central1/api/payments/create-2024-07-08T18:24:06.645Z"],"queueLength":1,"runningWork":[],"workRunningCount":0}
[debug] [2024-07-08T18:24:06.645Z] [work-queue] {"queuedWork":[],"queueLength":0,"runningWork":["/zaio--clone-66bbe/us-central1/api/payments/create-2024-07-08T18:24:06.645Z"],"workRunningCount":1}
[debug] [2024-07-08T18:24:06.645Z] Accepted request POST /zaio--clone-66bbe/us-central1/api/payments/create --> us-central1-api
[debug] [2024-07-08T18:24:06.646Z] [functions] Runtime ready! Sending request! {"metadata":{"emulator":{"name":"functions"},"message":"[functions] Runtime ready! Sending request!"}}
[debug] [2024-07-08T18:24:06.646Z] [functions] Got req.url=/zaio--clone-66bbe/us-central1/api/payments/create, mapping to path=/payments/create {"metadata":{"emulator":{"name":"functions"},"message":"[functions] Got req.url=/zaio--clone-66bbe/us-central1/api/payments/create, mapping to path=/payments/create"}}
[debug] [2024-07-08T18:24:06.646Z] [worker-pool] submitRequest(triggerId=us-central1-api) {"metadata":{"emulator":{"name":"functions"},"message":"[worker-pool] submitRequest(triggerId=us-central1-api)"}}
[info] i  functions: Beginning execution of "us-central1-api" {"metadata":{"emulator":{"name":"functions"},"function":{"name":"us-central1-api"},"extension":{},"message":"Beginning execution of \"us-central1-api\""}}
[debug] [2024-07-08T18:24:06.646Z] [worker-us-central1-api-d4b157c9-1b7c-48e4-bde4-5db79b94d553]: BUSY {"metadata":{"emulator":{"name":"functions"},"function":{"name":"us-central1-api"},"extension":{},"message":"[worker-us-central1-api-d4b157c9-1b7c-48e4-bde4-5db79b94d553]: BUSY"}}
[info] >  Payment request received undefined {"user":"Payment request received undefined","metadata":{"emulator":{"name":"functions"},"function":{"name":"us-central1-api"},"extension":{},"message":"\u001b[90m> \u001b[39m Payment request received undefined"}}
[info] >  /Users/tshegofatsomotsuenyane/Desktop/zaio_projects/amazon-landing-page-clone/functions/node_modules/stripe/cjs/Error.js:10 {"user":"/Users/tshegofatsomotsuenyane/Desktop/zaio_projects/amazon-landing-page-clone/functions/node_modules/stripe/cjs/Error.js:10","metadata":{"emulator":{"name":"functions"},"function":{"name":"us-central1-api"},"extension":{},"message":"\u001b[90m> \u001b[39m /Users/tshegofatsomotsuenyane/Desktop/zaio_projects/amazon-landing-page-clone/functions/node_modules/stripe/cjs/Error.js:10"}}
[info] >              return new StripeInvalidRequestError(rawStripeError); {"user":"            return new StripeInvalidRequestError(rawStripeError);","metadata":{"emulator":{"name":"functions"},"function":{"name":"us-central1-api"},"extension":{},"message":"\u001b[90m> \u001b[39m             return new StripeInvalidRequestError(rawStripeError);"}}
[info] >                     ^ {"user":"                   ^","metadata":{"emulator":{"name":"functions"},"function":{"name":"us-central1-api"},"extension":{},"message":"\u001b[90m> \u001b[39m                    ^"}}
[info] >   {"user":"","metadata":{"emulator":{"name":"functions"},"function":{"name":"us-central1-api"},"extension":{},"message":"\u001b[90m> \u001b[39m "}}
[info] >  StripeInvalidRequestError: Missing required param: amount. {"user":"StripeInvalidRequestError: Missing required param: amount.","metadata":{"emulator":{"name":"functions"},"function":{"name":"us-central1-api"},"extension":{},"message":"\u001b[90m> \u001b[39m StripeInvalidRequestError: Missing required param: amount."}}
[info] >      at StripeError.generate (/Users/tshegofatsomotsuenyane/Desktop/zaio_projects/amazon-landing-page-clone/functions/node_modules/stripe/cjs/Error.js:10:20) {"user":"    at StripeError.generate (/Users/tshegofatsomotsuenyane/Desktop/zaio_projects/amazon-landing-page-clone/functions/node_modules/stripe/cjs/Error.js:10:20)","metadata":{"emulator":{"name":"functions"},"function":{"name":"us-central1-api"},"extension":{},"message":"\u001b[90m> \u001b[39m     at StripeError.generate (/Users/tshegofatsomotsuenyane/Desktop/zaio_projects/amazon-landing-page-clone/functions/node_modules/stripe/cjs/Error.js:10:20)"}}
[info] >      at res.toJSON.then.Error_js_1.StripeAPIError.message (/Users/tshegofatsomotsuenyane/Desktop/zaio_projects/amazon-landing-page-clone/functions/node_modules/stripe/cjs/RequestSender.js:105:54) {"user":"    at res.toJSON.then.Error_js_1.StripeAPIError.message (/Users/tshegofatsomotsuenyane/Desktop/zaio_projects/amazon-landing-page-clone/functions/node_modules/stripe/cjs/RequestSender.js:105:54)","metadata":{"emulator":{"name":"functions"},"function":{"name":"us-central1-api"},"extension":{},"message":"\u001b[90m> \u001b[39m     at res.toJSON.then.Error_js_1.StripeAPIError.message (/Users/tshegofatsomotsuenyane/Desktop/zaio_projects/amazon-landing-page-clone/functions/node_modules/stripe/cjs/RequestSender.js:105:54)"}}
[info] >      at process.processTicksAndRejections (node:internal/process/task_queues:95:5) { {"user":"    at process.processTicksAndRejections (node:internal/process/task_queues:95:5) {","metadata":{"emulator":{"name":"functions"},"function":{"name":"us-central1-api"},"extension":{},"message":"\u001b[90m> \u001b[39m     at process.processTicksAndRejections (node:internal/process/task_queues:95:5) {"}}
[info] >    type: 'StripeInvalidRequestError', {"user":"  type: 'StripeInvalidRequestError',","metadata":{"emulator":{"name":"functions"},"function":{"name":"us-central1-api"},"extension":{},"message":"\u001b[90m> \u001b[39m   type: 'StripeInvalidRequestError',"}}
[info] >    raw: { {"user":"  raw: {","metadata":{"emulator":{"name":"functions"},"function":{"name":"us-central1-api"},"extension":{},"message":"\u001b[90m> \u001b[39m   raw: {"}}
[info] >      code: 'parameter_missing', {"user":"    code: 'parameter_missing',","metadata":{"emulator":{"name":"functions"},"function":{"name":"us-central1-api"},"extension":{},"message":"\u001b[90m> \u001b[39m     code: 'parameter_missing',"}}
[info] >      doc_url: 'https://stripe.com/docs/error-codes/parameter-missing', {"user":"    doc_url: 'https://stripe.com/docs/error-codes/parameter-missing',","metadata":{"emulator":{"name":"functions"},"function":{"name":"us-central1-api"},"extension":{},"message":"\u001b[90m> \u001b[39m     doc_url: 'https://stripe.com/docs/error-codes/parameter-missing',"}}
[info] >      message: 'Missing required param: amount.', {"user":"    message: 'Missing required param: amount.',","metadata":{"emulator":{"name":"functions"},"function":{"name":"us-central1-api"},"extension":{},"message":"\u001b[90m> \u001b[39m     message: 'Missing required param: amount.',"}}
[info] >      param: 'amount', {"user":"    param: 'amount',","metadata":{"emulator":{"name":"functions"},"function":{"name":"us-central1-api"},"extension":{},"message":"\u001b[90m> \u001b[39m     param: 'amount',"}}
[info] >      request_log_url: 'https://dashboard.stripe.com/test/logs/req_8ZIA0RPTM2mWuV?t=1720463047', {"user":"    request_log_url: 'https://dashboard.stripe.com/test/logs/req_8ZIA0RPTM2mWuV?t=1720463047',","metadata":{"emulator":{"name":"functions"},"function":{"name":"us-central1-api"},"extension":{},"message":"\u001b[90m> \u001b[39m     request_log_url: 'https://dashboard.stripe.com/test/logs/req_8ZIA0RPTM2mWuV?t=1720463047',"}}
[info] >      type: 'invalid_request_error', {"user":"    type: 'invalid_request_error',","metadata":{"emulator":{"name":"functions"},"function":{"name":"us-central1-api"},"extension":{},"message":"\u001b[90m> \u001b[39m     type: 'invalid_request_error',"}}
[info] >      headers: { {"user":"    headers: {","metadata":{"emulator":{"name":"functions"},"function":{"name":"us-central1-api"},"extension":{},"message":"\u001b[90m> \u001b[39m     headers: {"}}
[info] >        server: 'nginx', {"user":"      server: 'nginx',","metadata":{"emulator":{"name":"functions"},"function":{"name":"us-central1-api"},"extension":{},"message":"\u001b[90m> \u001b[39m       server: 'nginx',"}}
[info] >        date: 'Mon, 08 Jul 2024 18:24:07 GMT', {"user":"      date: 'Mon, 08 Jul 2024 18:24:07 GMT',","metadata":{"emulator":{"name":"functions"},"function":{"name":"us-central1-api"},"extension":{},"message":"\u001b[90m> \u001b[39m       date: 'Mon, 08 Jul 2024 18:24:07 GMT',"}}
[info] >        'content-type': 'application/json', {"user":"      'content-type': 'application/json',","metadata":{"emulator":{"name":"functions"},"function":{"name":"us-central1-api"},"extension":{},"message":"\u001b[90m> \u001b[39m       'content-type': 'application/json',"}}
[info] >        'content-length': '332', {"user":"      'content-length': '332',","metadata":{"emulator":{"name":"functions"},"function":{"name":"us-central1-api"},"extension":{},"message":"\u001b[90m> \u001b[39m       'content-length': '332',"}}
[info] >        connection: 'keep-alive', {"user":"      connection: 'keep-alive',","metadata":{"emulator":{"name":"functions"},"function":{"name":"us-central1-api"},"extension":{},"message":"\u001b[90m> \u001b[39m       connection: 'keep-alive',"}}
[info] >        'access-control-allow-credentials': 'true', {"user":"      'access-control-allow-credentials': 'true',","metadata":{"emulator":{"name":"functions"},"function":{"name":"us-central1-api"},"extension":{},"message":"\u001b[90m> \u001b[39m       'access-control-allow-credentials': 'true',"}}
[info] >        'access-control-allow-methods': 'GET,HEAD,PUT,PATCH,POST,DELETE', {"user":"      'access-control-allow-methods': 'GET,HEAD,PUT,PATCH,POST,DELETE',","metadata":{"emulator":{"name":"functions"},"function":{"name":"us-central1-api"},"extension":{},"message":"\u001b[90m> \u001b[39m       'access-control-allow-methods': 'GET,HEAD,PUT,PATCH,POST,DELETE',"}}
[info] >        'access-control-allow-origin': '*', {"user":"      'access-control-allow-origin': '*',","metadata":{"emulator":{"name":"functions"},"function":{"name":"us-central1-api"},"extension":{},"message":"\u001b[90m> \u001b[39m       'access-control-allow-origin': '*',"}}
[info] >        'access-control-expose-headers': 'Request-Id, Stripe-Manage-Version, Stripe-Should-Retry, X-Stripe-External-Auth-Required, X-Stripe-Privileged-Session-Required', {"user":"      'access-control-expose-headers': 'Request-Id, Stripe-Manage-Version, Stripe-Should-Retry, X-Stripe-External-Auth-Required, X-Stripe-Privileged-Session-Required',","metadata":{"emulator":{"name":"functions"},"function":{"name":"us-central1-api"},"extension":{},"message":"\u001b[90m> \u001b[39m       'access-control-expose-headers': 'Request-Id, Stripe-Manage-Version, Stripe-Should-Retry, X-Stripe-External-Auth-Required, X-Stripe-Privileged-Session-Required',"}}
[info] >        'access-control-max-age': '300', {"user":"      'access-control-max-age': '300',","metadata":{"emulator":{"name":"functions"},"function":{"name":"us-central1-api"},"extension":{},"message":"\u001b[90m> \u001b[39m       'access-control-max-age': '300',"}}
[info] >        'cache-control': 'no-cache, no-store', {"user":"      'cache-control': 'no-cache, no-store',","metadata":{"emulator":{"name":"functions"},"function":{"name":"us-central1-api"},"extension":{},"message":"\u001b[90m> \u001b[39m       'cache-control': 'no-cache, no-store',"}}
[info] >        'content-security-policy': "report-uri https://q.stripe.com/csp-report?p=v1%2Fpayment_intents; block-all-mixed-content; default-src 'none'; base-uri 'none'; form-action 'none'; frame-ancestors 'none'; img-src 'self'; script-src 'self' 'report-sample'; style-src 'self'", {"user":"      'content-security-policy': \"report-uri https://q.stripe.com/csp-report?p=v1%2Fpayment_intents; block-all-mixed-content; default-src 'none'; base-uri 'none'; form-action 'none'; frame-ancestors 'none'; img-src 'self'; script-src 'self' 'report-sample'; style-src 'self'\",","metadata":{"emulator":{"name":"functions"},"function":{"name":"us-central1-api"},"extension":{},"message":"\u001b[90m> \u001b[39m       'content-security-policy': \"report-uri https://q.stripe.com/csp-report?p=v1%2Fpayment_intents; block-all-mixed-content; default-src 'none'; base-uri 'none'; form-action 'none'; frame-ancestors 'none'; img-src 'self'; script-src 'self' 'report-sample'; style-src 'self'\","}}
[info] >        'cross-origin-opener-policy-report-only': 'same-origin; report-to="coop"', {"user":"      'cross-origin-opener-policy-report-only': 'same-origin; report-to=\"coop\"',","metadata":{"emulator":{"name":"functions"},"function":{"name":"us-central1-api"},"extension":{},"message":"\u001b[90m> \u001b[39m       'cross-origin-opener-policy-report-only': 'same-origin; report-to=\"coop\"',"}}
[info] >        'idempotency-key': 'stripe-node-retry-1766daf5-8935-4fb7-942d-1edb5716e2ba', {"user":"      'idempotency-key': 'stripe-node-retry-1766daf5-8935-4fb7-942d-1edb5716e2ba',","metadata":{"emulator":{"name":"functions"},"function":{"name":"us-central1-api"},"extension":{},"message":"\u001b[90m> \u001b[39m       'idempotency-key': 'stripe-node-retry-1766daf5-8935-4fb7-942d-1edb5716e2ba',"}}
[info] >        'original-request': 'req_8ZIA0RPTM2mWuV', {"user":"      'original-request': 'req_8ZIA0RPTM2mWuV',","metadata":{"emulator":{"name":"functions"},"function":{"name":"us-central1-api"},"extension":{},"message":"\u001b[90m> \u001b[39m       'original-request': 'req_8ZIA0RPTM2mWuV',"}}
[info] >        'report-to': '{"group":"coop","max_age":8640,"endpoints":[{"url":"https://q.stripe.com/coop-report?s=payins-bapi-srv"}],"include_subdomains":true}', {"user":"      'report-to': '{\"group\":\"coop\",\"max_age\":8640,\"endpoints\":[{\"url\":\"https://q.stripe.com/coop-report?s=payins-bapi-srv\"}],\"include_subdomains\":true}',","metadata":{"emulator":{"name":"functions"},"function":{"name":"us-central1-api"},"extension":{},"message":"\u001b[90m> \u001b[39m       'report-to': '{\"group\":\"coop\",\"max_age\":8640,\"endpoints\":[{\"url\":\"https://q.stripe.com/coop-report?s=payins-bapi-srv\"}],\"include_subdomains\":true}',"}}
[info] >        'reporting-endpoints': 'coop="https://q.stripe.com/coop-report?s=payins-bapi-srv"', {"user":"      'reporting-endpoints': 'coop=\"https://q.stripe.com/coop-report?s=payins-bapi-srv\"',","metadata":{"emulator":{"name":"functions"},"function":{"name":"us-central1-api"},"extension":{},"message":"\u001b[90m> \u001b[39m       'reporting-endpoints': 'coop=\"https://q.stripe.com/coop-report?s=payins-bapi-srv\"',"}}
[info] >        'request-id': 'req_8ZIA0RPTM2mWuV', {"user":"      'request-id': 'req_8ZIA0RPTM2mWuV',","metadata":{"emulator":{"name":"functions"},"function":{"name":"us-central1-api"},"extension":{},"message":"\u001b[90m> \u001b[39m       'request-id': 'req_8ZIA0RPTM2mWuV',"}}
[info] >        'stripe-version': '2024-06-20', {"user":"      'stripe-version': '2024-06-20',","metadata":{"emulator":{"name":"functions"},"function":{"name":"us-central1-api"},"extension":{},"message":"\u001b[90m> \u001b[39m       'stripe-version': '2024-06-20',"}}
[info] >        vary: 'Origin', {"user":"      vary: 'Origin',","metadata":{"emulator":{"name":"functions"},"function":{"name":"us-central1-api"},"extension":{},"message":"\u001b[90m> \u001b[39m       vary: 'Origin',"}}
[info] >        'x-content-type-options': 'nosniff', {"user":"      'x-content-type-options': 'nosniff',","metadata":{"emulator":{"name":"functions"},"function":{"name":"us-central1-api"},"extension":{},"message":"\u001b[90m> \u001b[39m       'x-content-type-options': 'nosniff',"}}
[info] >        'x-stripe-priority-routing-enabled': 'true', {"user":"      'x-stripe-priority-routing-enabled': 'true',","metadata":{"emulator":{"name":"functions"},"function":{"name":"us-central1-api"},"extension":{},"message":"\u001b[90m> \u001b[39m       'x-stripe-priority-routing-enabled': 'true',"}}
[info] >        'x-stripe-routing-context-priority-tier': 'api-testmode', {"user":"      'x-stripe-routing-context-priority-tier': 'api-testmode',","metadata":{"emulator":{"name":"functions"},"function":{"name":"us-central1-api"},"extension":{},"message":"\u001b[90m> \u001b[39m       'x-stripe-routing-context-priority-tier': 'api-testmode',"}}
[info] >        'strict-transport-security': 'max-age=63072000; includeSubDomains; preload' {"user":"      'strict-transport-security': 'max-age=63072000; includeSubDomains; preload'","metadata":{"emulator":{"name":"functions"},"function":{"name":"us-central1-api"},"extension":{},"message":"\u001b[90m> \u001b[39m       'strict-transport-security': 'max-age=63072000; includeSubDomains; preload'"}}
[info] >      }, {"user":"    },","metadata":{"emulator":{"name":"functions"},"function":{"name":"us-central1-api"},"extension":{},"message":"\u001b[90m> \u001b[39m     },"}}
[info] >      statusCode: 400, {"user":"    statusCode: 400,","metadata":{"emulator":{"name":"functions"},"function":{"name":"us-central1-api"},"extension":{},"message":"\u001b[90m> \u001b[39m     statusCode: 400,"}}
[info] >      requestId: 'req_8ZIA0RPTM2mWuV' {"user":"    requestId: 'req_8ZIA0RPTM2mWuV'","metadata":{"emulator":{"name":"functions"},"function":{"name":"us-central1-api"},"extension":{},"message":"\u001b[90m> \u001b[39m     requestId: 'req_8ZIA0RPTM2mWuV'"}}
[info] >    }, {"user":"  },","metadata":{"emulator":{"name":"functions"},"function":{"name":"us-central1-api"},"extension":{},"message":"\u001b[90m> \u001b[39m   },"}}
[info] >    rawType: 'invalid_request_error', {"user":"  rawType: 'invalid_request_error',","metadata":{"emulator":{"name":"functions"},"function":{"name":"us-central1-api"},"extension":{},"message":"\u001b[90m> \u001b[39m   rawType: 'invalid_request_error',"}}
[info] >    code: 'parameter_missing', {"user":"  code: 'parameter_missing',","metadata":{"emulator":{"name":"functions"},"function":{"name":"us-central1-api"},"extension":{},"message":"\u001b[90m> \u001b[39m   code: 'parameter_missing',"}}
[info] >    doc_url: 'https://stripe.com/docs/error-codes/parameter-missing', {"user":"  doc_url: 'https://stripe.com/docs/error-codes/parameter-missing',","metadata":{"emulator":{"name":"functions"},"function":{"name":"us-central1-api"},"extension":{},"message":"\u001b[90m> \u001b[39m   doc_url: 'https://stripe.com/docs/error-codes/parameter-missing',"}}
[info] >    param: 'amount', {"user":"  param: 'amount',","metadata":{"emulator":{"name":"functions"},"function":{"name":"us-central1-api"},"extension":{},"message":"\u001b[90m> \u001b[39m   param: 'amount',"}}
[info] >    detail: undefined, {"user":"  detail: undefined,","metadata":{"emulator":{"name":"functions"},"function":{"name":"us-central1-api"},"extension":{},"message":"\u001b[90m> \u001b[39m   detail: undefined,"}}
[info] >    headers: { {"user":"  headers: {","metadata":{"emulator":{"name":"functions"},"function":{"name":"us-central1-api"},"extension":{},"message":"\u001b[90m> \u001b[39m   headers: {"}}
[info] >      server: 'nginx', {"user":"    server: 'nginx',","metadata":{"emulator":{"name":"functions"},"function":{"name":"us-central1-api"},"extension":{},"message":"\u001b[90m> \u001b[39m     server: 'nginx',"}}
[info] >      date: 'Mon, 08 Jul 2024 18:24:07 GMT', {"user":"    date: 'Mon, 08 Jul 2024 18:24:07 GMT',","metadata":{"emulator":{"name":"functions"},"function":{"name":"us-central1-api"},"extension":{},"message":"\u001b[90m> \u001b[39m     date: 'Mon, 08 Jul 2024 18:24:07 GMT',"}}
[info] >      'content-type': 'application/json', {"user":"    'content-type': 'application/json',","metadata":{"emulator":{"name":"functions"},"function":{"name":"us-central1-api"},"extension":{},"message":"\u001b[90m> \u001b[39m     'content-type': 'application/json',"}}
[info] >      'content-length': '332', {"user":"    'content-length': '332',","metadata":{"emulator":{"name":"functions"},"function":{"name":"us-central1-api"},"extension":{},"message":"\u001b[90m> \u001b[39m     'content-length': '332',"}}
[info] >      connection: 'keep-alive', {"user":"    connection: 'keep-alive',","metadata":{"emulator":{"name":"functions"},"function":{"name":"us-central1-api"},"extension":{},"message":"\u001b[90m> \u001b[39m     connection: 'keep-alive',"}}
[info] >      'access-control-allow-credentials': 'true', {"user":"    'access-control-allow-credentials': 'true',","metadata":{"emulator":{"name":"functions"},"function":{"name":"us-central1-api"},"extension":{},"message":"\u001b[90m> \u001b[39m     'access-control-allow-credentials': 'true',"}}
[info] >      'access-control-allow-methods': 'GET,HEAD,PUT,PATCH,POST,DELETE', {"user":"    'access-control-allow-methods': 'GET,HEAD,PUT,PATCH,POST,DELETE',","metadata":{"emulator":{"name":"functions"},"function":{"name":"us-central1-api"},"extension":{},"message":"\u001b[90m> \u001b[39m     'access-control-allow-methods': 'GET,HEAD,PUT,PATCH,POST,DELETE',"}}
[info] >      'access-control-allow-origin': '*', {"user":"    'access-control-allow-origin': '*',","metadata":{"emulator":{"name":"functions"},"function":{"name":"us-central1-api"},"extension":{},"message":"\u001b[90m> \u001b[39m     'access-control-allow-origin': '*',"}}
[info] >      'access-control-expose-headers': 'Request-Id, Stripe-Manage-Version, Stripe-Should-Retry, X-Stripe-External-Auth-Required, X-Stripe-Privileged-Session-Required', {"user":"    'access-control-expose-headers': 'Request-Id, Stripe-Manage-Version, Stripe-Should-Retry, X-Stripe-External-Auth-Required, X-Stripe-Privileged-Session-Required',","metadata":{"emulator":{"name":"functions"},"function":{"name":"us-central1-api"},"extension":{},"message":"\u001b[90m> \u001b[39m     'access-control-expose-headers': 'Request-Id, Stripe-Manage-Version, Stripe-Should-Retry, X-Stripe-External-Auth-Required, X-Stripe-Privileged-Session-Required',"}}
[info] >      'access-control-max-age': '300', {"user":"    'access-control-max-age': '300',","metadata":{"emulator":{"name":"functions"},"function":{"name":"us-central1-api"},"extension":{},"message":"\u001b[90m> \u001b[39m     'access-control-max-age': '300',"}}
[info] >      'cache-control': 'no-cache, no-store', {"user":"    'cache-control': 'no-cache, no-store',","metadata":{"emulator":{"name":"functions"},"function":{"name":"us-central1-api"},"extension":{},"message":"\u001b[90m> \u001b[39m     'cache-control': 'no-cache, no-store',"}}
[info] >      'content-security-policy': "report-uri https://q.stripe.com/csp-report?p=v1%2Fpayment_intents; block-all-mixed-content; default-src 'none'; base-uri 'none'; form-action 'none'; frame-ancestors 'none'; img-src 'self'; script-src 'self' 'report-sample'; style-src 'self'", {"user":"    'content-security-policy': \"report-uri https://q.stripe.com/csp-report?p=v1%2Fpayment_intents; block-all-mixed-content; default-src 'none'; base-uri 'none'; form-action 'none'; frame-ancestors 'none'; img-src 'self'; script-src 'self' 'report-sample'; style-src 'self'\",","metadata":{"emulator":{"name":"functions"},"function":{"name":"us-central1-api"},"extension":{},"message":"\u001b[90m> \u001b[39m     'content-security-policy': \"report-uri https://q.stripe.com/csp-report?p=v1%2Fpayment_intents; block-all-mixed-content; default-src 'none'; base-uri 'none'; form-action 'none'; frame-ancestors 'none'; img-src 'self'; script-src 'self' 'report-sample'; style-src 'self'\","}}
[info] >      'cross-origin-opener-policy-report-only': 'same-origin; report-to="coop"', {"user":"    'cross-origin-opener-policy-report-only': 'same-origin; report-to=\"coop\"',","metadata":{"emulator":{"name":"functions"},"function":{"name":"us-central1-api"},"extension":{},"message":"\u001b[90m> \u001b[39m     'cross-origin-opener-policy-report-only': 'same-origin; report-to=\"coop\"',"}}
[info] >      'idempotency-key': 'stripe-node-retry-1766daf5-8935-4fb7-942d-1edb5716e2ba', {"user":"    'idempotency-key': 'stripe-node-retry-1766daf5-8935-4fb7-942d-1edb5716e2ba',","metadata":{"emulator":{"name":"functions"},"function":{"name":"us-central1-api"},"extension":{},"message":"\u001b[90m> \u001b[39m     'idempotency-key': 'stripe-node-retry-1766daf5-8935-4fb7-942d-1edb5716e2ba',"}}
[info] >      'original-request': 'req_8ZIA0RPTM2mWuV', {"user":"    'original-request': 'req_8ZIA0RPTM2mWuV',","metadata":{"emulator":{"name":"functions"},"function":{"name":"us-central1-api"},"extension":{},"message":"\u001b[90m> \u001b[39m     'original-request': 'req_8ZIA0RPTM2mWuV',"}}
[info] >      'report-to': '{"group":"coop","max_age":8640,"endpoints":[{"url":"https://q.stripe.com/coop-report?s=payins-bapi-srv"}],"include_subdomains":true}', {"user":"    'report-to': '{\"group\":\"coop\",\"max_age\":8640,\"endpoints\":[{\"url\":\"https://q.stripe.com/coop-report?s=payins-bapi-srv\"}],\"include_subdomains\":true}',","metadata":{"emulator":{"name":"functions"},"function":{"name":"us-central1-api"},"extension":{},"message":"\u001b[90m> \u001b[39m     'report-to': '{\"group\":\"coop\",\"max_age\":8640,\"endpoints\":[{\"url\":\"https://q.stripe.com/coop-report?s=payins-bapi-srv\"}],\"include_subdomains\":true}',"}}
[info] >      'reporting-endpoints': 'coop="https://q.stripe.com/coop-report?s=payins-bapi-srv"', {"user":"    'reporting-endpoints': 'coop=\"https://q.stripe.com/coop-report?s=payins-bapi-srv\"',","metadata":{"emulator":{"name":"functions"},"function":{"name":"us-central1-api"},"extension":{},"message":"\u001b[90m> \u001b[39m     'reporting-endpoints': 'coop=\"https://q.stripe.com/coop-report?s=payins-bapi-srv\"',"}}
[info] >      'request-id': 'req_8ZIA0RPTM2mWuV', {"user":"    'request-id': 'req_8ZIA0RPTM2mWuV',","metadata":{"emulator":{"name":"functions"},"function":{"name":"us-central1-api"},"extension":{},"message":"\u001b[90m> \u001b[39m     'request-id': 'req_8ZIA0RPTM2mWuV',"}}
[info] >      'stripe-version': '2024-06-20', {"user":"    'stripe-version': '2024-06-20',","metadata":{"emulator":{"name":"functions"},"function":{"name":"us-central1-api"},"extension":{},"message":"\u001b[90m> \u001b[39m     'stripe-version': '2024-06-20',"}}
[info] >      vary: 'Origin', {"user":"    vary: 'Origin',","metadata":{"emulator":{"name":"functions"},"function":{"name":"us-central1-api"},"extension":{},"message":"\u001b[90m> \u001b[39m     vary: 'Origin',"}}
[info] >      'x-content-type-options': 'nosniff', {"user":"    'x-content-type-options': 'nosniff',","metadata":{"emulator":{"name":"functions"},"function":{"name":"us-central1-api"},"extension":{},"message":"\u001b[90m> \u001b[39m     'x-content-type-options': 'nosniff',"}}
[info] >      'x-stripe-priority-routing-enabled': 'true', {"user":"    'x-stripe-priority-routing-enabled': 'true',","metadata":{"emulator":{"name":"functions"},"function":{"name":"us-central1-api"},"extension":{},"message":"\u001b[90m> \u001b[39m     'x-stripe-priority-routing-enabled': 'true',"}}
[info] >      'x-stripe-routing-context-priority-tier': 'api-testmode', {"user":"    'x-stripe-routing-context-priority-tier': 'api-testmode',","metadata":{"emulator":{"name":"functions"},"function":{"name":"us-central1-api"},"extension":{},"message":"\u001b[90m> \u001b[39m     'x-stripe-routing-context-priority-tier': 'api-testmode',"}}
[info] >      'strict-transport-security': 'max-age=63072000; includeSubDomains; preload' {"user":"    'strict-transport-security': 'max-age=63072000; includeSubDomains; preload'","metadata":{"emulator":{"name":"functions"},"function":{"name":"us-central1-api"},"extension":{},"message":"\u001b[90m> \u001b[39m     'strict-transport-security': 'max-age=63072000; includeSubDomains; preload'"}}
[info] >    }, {"user":"  },","metadata":{"emulator":{"name":"functions"},"function":{"name":"us-central1-api"},"extension":{},"message":"\u001b[90m> \u001b[39m   },"}}
[info] >    requestId: 'req_8ZIA0RPTM2mWuV', {"user":"  requestId: 'req_8ZIA0RPTM2mWuV',","metadata":{"emulator":{"name":"functions"},"function":{"name":"us-central1-api"},"extension":{},"message":"\u001b[90m> \u001b[39m   requestId: 'req_8ZIA0RPTM2mWuV',"}}
[info] >    statusCode: 400, {"user":"  statusCode: 400,","metadata":{"emulator":{"name":"functions"},"function":{"name":"us-central1-api"},"extension":{},"message":"\u001b[90m> \u001b[39m   statusCode: 400,"}}
[info] >    charge: undefined, {"user":"  charge: undefined,","metadata":{"emulator":{"name":"functions"},"function":{"name":"us-central1-api"},"extension":{},"message":"\u001b[90m> \u001b[39m   charge: undefined,"}}
[info] >    decline_code: undefined, {"user":"  decline_code: undefined,","metadata":{"emulator":{"name":"functions"},"function":{"name":"us-central1-api"},"extension":{},"message":"\u001b[90m> \u001b[39m   decline_code: undefined,"}}
[info] >    payment_intent: undefined, {"user":"  payment_intent: undefined,","metadata":{"emulator":{"name":"functions"},"function":{"name":"us-central1-api"},"extension":{},"message":"\u001b[90m> \u001b[39m   payment_intent: undefined,"}}
[info] >    payment_method: undefined, {"user":"  payment_method: undefined,","metadata":{"emulator":{"name":"functions"},"function":{"name":"us-central1-api"},"extension":{},"message":"\u001b[90m> \u001b[39m   payment_method: undefined,"}}
[info] >    payment_method_type: undefined, {"user":"  payment_method_type: undefined,","metadata":{"emulator":{"name":"functions"},"function":{"name":"us-central1-api"},"extension":{},"message":"\u001b[90m> \u001b[39m   payment_method_type: undefined,"}}
[info] >    setup_intent: undefined, {"user":"  setup_intent: undefined,","metadata":{"emulator":{"name":"functions"},"function":{"name":"us-central1-api"},"extension":{},"message":"\u001b[90m> \u001b[39m   setup_intent: undefined,"}}
[info] >    source: undefined {"user":"  source: undefined","metadata":{"emulator":{"name":"functions"},"function":{"name":"us-central1-api"},"extension":{},"message":"\u001b[90m> \u001b[39m   source: undefined"}}
[info] >  } {"user":"}","metadata":{"emulator":{"name":"functions"},"function":{"name":"us-central1-api"},"extension":{},"message":"\u001b[90m> \u001b[39m }"}}
[info] >   {"user":"","metadata":{"emulator":{"name":"functions"},"function":{"name":"us-central1-api"},"extension":{},"message":"\u001b[90m> \u001b[39m "}}
[info] >  Node.js v22.1.0 {"user":"Node.js v22.1.0","metadata":{"emulator":{"name":"functions"},"function":{"name":"us-central1-api"},"extension":{},"message":"\u001b[90m> \u001b[39m Node.js v22.1.0"}}
[error] i  Request to function failed: Error: socket hang up {"metadata":{"emulator":{"name":"functions"},"function":{"name":"us-central1-api"},"extension":{},"message":"Request to function failed: Error: socket hang up"}}
[debug] [2024-07-08T18:24:07.529Z] [work-queue] {"queuedWork":[],"queueLength":0,"runningWork":[],"workRunningCount":0}
[debug] [2024-07-08T18:24:07.529Z] [worker-us-central1-api-d4b157c9-1b7c-48e4-bde4-5db79b94d553]: exited {"metadata":{"emulator":{"name":"functions"},"function":{"name":"us-central1-api"},"extension":{},"message":"[worker-us-central1-api-d4b157c9-1b7c-48e4-bde4-5db79b94d553]: exited"}}
[debug] [2024-07-08T18:24:07.529Z] [worker-us-central1-api-d4b157c9-1b7c-48e4-bde4-5db79b94d553]: FINISHED {"metadata":{"emulator":{"name":"functions"},"function":{"name":"us-central1-api"},"extension":{},"message":"[worker-us-central1-api-d4b157c9-1b7c-48e4-bde4-5db79b94d553]: FINISHED"}}
